2022-03-22 20:05:35.005 [main] INFO  org.hibernate.Version - HHH000412: Hibernate ORM core version 6.0.0.CR2
2022-03-22 20:05:35.365 [main] INFO  org.hibernate.orm.connections.pooling - HHH10001005: Loaded JDBC driver class: org.postgresql.Driver
2022-03-22 20:05:35.365 [main] INFO  org.hibernate.orm.connections.pooling - HHH10001012: Connecting with JDBC URL [jdbc:postgresql://ec2-99-80-170-190.eu-west-1.compute.amazonaws.com:5432/dcmc4gml9f7ssk]
2022-03-22 20:05:35.365 [main] INFO  org.hibernate.orm.connections.pooling - HHH10001001: Connection properties: {password=73c15cb5cdb54c0e04fc29647852a882d3cd5a0a6b007c029932ec10635f4bd5, pool_size=10, user=mfymgxhxuixgun}
2022-03-22 20:05:35.375 [main] INFO  org.hibernate.orm.connections.pooling - HHH10001003: Autocommit mode: false
2022-03-22 20:05:35.375 [main] INFO  org.hibernate.orm.connections.pooling - HHH10001115: Connection pool size: 20 (min=1)
2022-03-22 20:05:36.327 [main] INFO  SQL dialect - HHH000400: Using dialect: org.hibernate.dialect.PostgreSQLDialect
2022-03-22 20:05:37.036 [main] INFO  org.hibernate.orm.connections.access - HHH10001501: Connection obtained from JdbcConnectionAccess [org.hibernate.engine.jdbc.env.internal.JdbcEnvironmentInitiator$ConnectionProviderJdbcConnectionAccess@6d874695] for (non-JTA) DDL execution was not in auto-commit mode; the Connection 'local transaction' will be committed and the Connection will be set into auto-commit mode.
2022-03-22 20:05:37.238 [main] INFO  org.hibernate.orm.connections.access - HHH10001501: Connection obtained from JdbcConnectionAccess [org.hibernate.engine.jdbc.env.internal.JdbcEnvironmentInitiator$ConnectionProviderJdbcConnectionAccess@45bbc52f] for (non-JTA) DDL execution was not in auto-commit mode; the Connection 'local transaction' will be committed and the Connection will be set into auto-commit mode.
2022-03-22 20:06:07.588 [main] INFO  org.hibernate.Version - HHH000412: Hibernate ORM core version 6.0.0.CR2
2022-03-22 20:06:07.958 [main] INFO  org.hibernate.orm.connections.pooling - HHH10001005: Loaded JDBC driver class: org.postgresql.Driver
2022-03-22 20:06:07.958 [main] INFO  org.hibernate.orm.connections.pooling - HHH10001012: Connecting with JDBC URL [jdbc:postgresql://ec2-99-80-170-190.eu-west-1.compute.amazonaws.com:5432/dcmc4gml9f7ssk]
2022-03-22 20:06:07.958 [main] INFO  org.hibernate.orm.connections.pooling - HHH10001001: Connection properties: {password=73c15cb5cdb54c0e04fc29647852a882d3cd5a0a6b007c029932ec10635f4bd5, pool_size=10, user=mfymgxhxuixgun}
2022-03-22 20:06:07.958 [main] INFO  org.hibernate.orm.connections.pooling - HHH10001003: Autocommit mode: false
2022-03-22 20:06:07.968 [main] INFO  org.hibernate.orm.connections.pooling - HHH10001115: Connection pool size: 20 (min=1)
2022-03-22 20:06:08.919 [main] INFO  SQL dialect - HHH000400: Using dialect: org.hibernate.dialect.PostgreSQLDialect
2022-03-22 20:06:09.639 [main] INFO  org.hibernate.orm.connections.access - HHH10001501: Connection obtained from JdbcConnectionAccess [org.hibernate.engine.jdbc.env.internal.JdbcEnvironmentInitiator$ConnectionProviderJdbcConnectionAccess@6d874695] for (non-JTA) DDL execution was not in auto-commit mode; the Connection 'local transaction' will be committed and the Connection will be set into auto-commit mode.
2022-03-22 20:06:09.729 [main] INFO  org.hibernate.orm.connections.access - HHH10001501: Connection obtained from JdbcConnectionAccess [org.hibernate.engine.jdbc.env.internal.JdbcEnvironmentInitiator$ConnectionProviderJdbcConnectionAccess@45bbc52f] for (non-JTA) DDL execution was not in auto-commit mode; the Connection 'local transaction' will be committed and the Connection will be set into auto-commit mode.
2022-03-22 20:08:18.139 [main] INFO  org.hibernate.Version - HHH000412: Hibernate ORM core version 6.0.0.CR2
2022-03-22 20:08:18.509 [main] INFO  org.hibernate.orm.connections.pooling - HHH10001005: Loaded JDBC driver class: org.postgresql.Driver
2022-03-22 20:08:18.509 [main] INFO  org.hibernate.orm.connections.pooling - HHH10001012: Connecting with JDBC URL [jdbc:postgresql://ec2-99-80-170-190.eu-west-1.compute.amazonaws.com:5432/dcmc4gml9f7ssk]
2022-03-22 20:08:18.509 [main] INFO  org.hibernate.orm.connections.pooling - HHH10001001: Connection properties: {password=73c15cb5cdb54c0e04fc29647852a882d3cd5a0a6b007c029932ec10635f4bd5, pool_size=10, user=mfymgxhxuixgun}
2022-03-22 20:08:18.509 [main] INFO  org.hibernate.orm.connections.pooling - HHH10001003: Autocommit mode: false
2022-03-22 20:08:18.509 [main] INFO  org.hibernate.orm.connections.pooling - HHH10001115: Connection pool size: 20 (min=1)
2022-03-22 20:08:19.949 [main] INFO  SQL dialect - HHH000400: Using dialect: org.hibernate.dialect.PostgreSQLDialect
2022-03-22 20:08:20.731 [main] INFO  org.hibernate.orm.connections.access - HHH10001501: Connection obtained from JdbcConnectionAccess [org.hibernate.engine.jdbc.env.internal.JdbcEnvironmentInitiator$ConnectionProviderJdbcConnectionAccess@6d874695] for (non-JTA) DDL execution was not in auto-commit mode; the Connection 'local transaction' will be committed and the Connection will be set into auto-commit mode.
2022-03-22 20:08:20.851 [main] INFO  org.hibernate.orm.connections.access - HHH10001501: Connection obtained from JdbcConnectionAccess [org.hibernate.engine.jdbc.env.internal.JdbcEnvironmentInitiator$ConnectionProviderJdbcConnectionAccess@45bbc52f] for (non-JTA) DDL execution was not in auto-commit mode; the Connection 'local transaction' will be committed and the Connection will be set into auto-commit mode.
2022-03-22 20:24:39.098 [main] INFO  org.hibernate.Version - HHH000412: Hibernate ORM core version 6.0.0.CR2
2022-03-22 20:24:39.479 [main] INFO  org.hibernate.orm.connections.pooling - HHH10001005: Loaded JDBC driver class: org.postgresql.Driver
2022-03-22 20:24:39.479 [main] INFO  org.hibernate.orm.connections.pooling - HHH10001012: Connecting with JDBC URL [jdbc:postgresql://ec2-99-80-170-190.eu-west-1.compute.amazonaws.com:5432/dcmc4gml9f7ssk]
2022-03-22 20:24:39.479 [main] INFO  org.hibernate.orm.connections.pooling - HHH10001001: Connection properties: {password=73c15cb5cdb54c0e04fc29647852a882d3cd5a0a6b007c029932ec10635f4bd5, pool_size=10, user=mfymgxhxuixgun}
2022-03-22 20:24:39.479 [main] INFO  org.hibernate.orm.connections.pooling - HHH10001003: Autocommit mode: false
2022-03-22 20:24:39.479 [main] INFO  org.hibernate.orm.connections.pooling - HHH10001115: Connection pool size: 20 (min=1)
2022-03-22 20:24:40.948 [main] INFO  SQL dialect - HHH000400: Using dialect: org.hibernate.dialect.PostgreSQLDialect
2022-03-22 20:24:41.748 [main] INFO  org.hibernate.orm.connections.access - HHH10001501: Connection obtained from JdbcConnectionAccess [org.hibernate.engine.jdbc.env.internal.JdbcEnvironmentInitiator$ConnectionProviderJdbcConnectionAccess@6d874695] for (non-JTA) DDL execution was not in auto-commit mode; the Connection 'local transaction' will be committed and the Connection will be set into auto-commit mode.
2022-03-22 20:24:42.206 [main] INFO  org.hibernate.orm.connections.access - HHH10001501: Connection obtained from JdbcConnectionAccess [org.hibernate.engine.jdbc.env.internal.JdbcEnvironmentInitiator$ConnectionProviderJdbcConnectionAccess@45bbc52f] for (non-JTA) DDL execution was not in auto-commit mode; the Connection 'local transaction' will be committed and the Connection will be set into auto-commit mode.
2022-03-22 20:34:34.124 [main] INFO  org.hibernate.Version - HHH000412: Hibernate ORM core version 5.6.7.Final
2022-03-22 20:34:34.413 [main] INFO  org.hibernate.annotations.common.Version - HCANN000001: Hibernate Commons Annotations {5.1.2.Final}
2022-03-22 20:34:34.493 [main] INFO  org.hibernate.orm.connections.pooling - HHH10001005: using driver [org.postgresql.Driver] at URL [jdbc:postgresql://ec2-99-80-170-190.eu-west-1.compute.amazonaws.com:5432/dcmc4gml9f7ssk]
2022-03-22 20:34:34.493 [main] INFO  org.hibernate.orm.connections.pooling - HHH10001001: Connection properties: {password=73c15cb5cdb54c0e04fc29647852a882d3cd5a0a6b007c029932ec10635f4bd5, user=mfymgxhxuixgun}
2022-03-22 20:34:34.493 [main] INFO  org.hibernate.orm.connections.pooling - HHH10001003: Autocommit mode: false
2022-03-22 20:34:34.503 [main] INFO  org.hibernate.engine.jdbc.connections.internal.DriverManagerConnectionProviderImpl - HHH000115: Hibernate connection pool size: 10 (min=1)
2022-03-22 20:34:35.334 [main] INFO  org.hibernate.dialect.Dialect - HHH000400: Using dialect: org.hibernate.dialect.PostgreSQLDialect
2022-03-22 20:34:35.945 [main] INFO  org.hibernate.orm.connections.access - HHH10001501: Connection obtained from JdbcConnectionAccess [org.hibernate.engine.jdbc.env.internal.JdbcEnvironmentInitiator$ConnectionProviderJdbcConnectionAccess@35145874] for (non-JTA) DDL execution was not in auto-commit mode; the Connection 'local transaction' will be committed and the Connection will be set into auto-commit mode.
2022-03-22 20:34:36.027 [main] INFO  org.hibernate.orm.connections.access - HHH10001501: Connection obtained from JdbcConnectionAccess [org.hibernate.engine.jdbc.env.internal.JdbcEnvironmentInitiator$ConnectionProviderJdbcConnectionAccess@5b29ab61] for (non-JTA) DDL execution was not in auto-commit mode; the Connection 'local transaction' will be committed and the Connection will be set into auto-commit mode.
